#
# There is insufficient memory for the Java Runtime Environment to continue.
# Native memory allocation (mmap) failed to map 65011712 bytes for Failed to commit area from 0x00000000c2400000 to 0x00000000c6200000 of length 65011712.
# Possible reasons:
#   The system is out of physical RAM or swap space
#   The process is running with CompressedOops enabled, and the Java Heap may be blocking the growth of the native heap
# Possible solutions:
#   Reduce memory load on the system
#   Increase physical memory or swap space
#   Check if swap backing store is full
#   Decrease Java heap size (-Xmx/-Xms)
#   Decrease number of Java threads
#   Decrease Java thread stack sizes (-Xss)
#   Set larger code cache with -XX:ReservedCodeCacheSize=
# This output file may be truncated or incomplete.
#
#  Out of Memory Error (./src/hotspot/os/windows/os_windows.cpp:3521), pid=3880, tid=788
#
# JRE version:  (11.0.12+7) (build )
# Java VM: OpenJDK 64-Bit Server VM (11.0.12+7-b1504.28, mixed mode, sharing, tiered, compressed oops, g1 gc, windows-amd64)
# No core dump will be written. Minidumps are not enabled by default on client versions of Windows
#

---------------  S U M M A R Y ------------

Command Line: git4idea.http.GitAskPassApp Username for 'https://github.com': 

Host: Intel(R) Core(TM) i5-2430M CPU @ 2.40GHz, 4 cores, 3G,  Windows 10 , 64 bit Build 19041 (10.0.19041.1202)
Time: Fri Oct 15 00:38:01 2021 Финляндия (лето) elapsed time: 0.020580 seconds (0d 0h 0m 0s)

---------------  T H R E A D  ---------------

Current thread (0x0000025f126a8800):  JavaThread "Unknown thread" [_thread_in_vm, id=788, stack(0x000000f785100000,0x000000f785200000)]

Stack: [0x000000f785100000,0x000000f785200000]
Native frames: (J=compiled Java code, j=interpreted, Vv=VM code, C=native code)
V  [jvm.dll+0x5ff40a]
V  [jvm.dll+0x783b65]
V  [jvm.dll+0x78517d]
V  [jvm.dll+0x785833]
V  [jvm.dll+0x249408]
V  [jvm.dll+0x5fc7f4]
V  [jvm.dll+0x5f13c5]
V  [jvm.dll+0x3076bb]
V  [jvm.dll+0x30762a]
V  [jvm.dll+0x307502]
V  [jvm.dll+0x30c466]
V  [jvm.dll+0x355543]
V  [jvm.dll+0x355c46]
V  [jvm.dll+0x355643]
V  [jvm.dll+0x2e2018]
V  [jvm.dll+0x2e31c7]
V  [jvm.dll+0x761f57]
V  [jvm.dll+0x76374c]
V  [jvm.dll+0x362ab9]
V  [jvm.dll+0x7455be]
V  [jvm.dll+0x3cb673]
V  [jvm.dll+0x3cda21]
C  [jli.dll+0x536b]
C  [ucrtbase.dll+0x21bb2]
C  [KERNEL32.DLL+0x17034]
C  [ntdll.dll+0x52651]


---------------  P R O C E S S  ---------------

Threads class SMR info:
_java_thread_list=0x0000025f101a4000, length=0, elements={
}

Java Threads: ( => current thread )

Other Threads:
  0x0000025f126c0000 GCTaskThread "GC Thread#0" [stack: 0x000000f785200000,0x000000f785300000] [id=6584]
  0x0000025f126dd000 ConcurrentGCThread "G1 Main Marker" [stack: 0x000000f785300000,0x000000f785400000] [id=608]
  0x0000025f126e1000 ConcurrentGCThread "G1 Conc#0" [stack: 0x000000f785400000,0x000000f785500000] [id=8036]

[error occurred during error reporting (printing all threads), id 0xc0000005, EXCEPTION_ACCESS_VIOLATION (0xc0000005) at pc=0x00007ffe243827a7]

VM state:not at safepoint (not fully initialized)

VM Mutex/Monitor currently owned by a thread:  ([mutex/lock_event])
[0x0000025f126a4d40] Heap_lock - owner thread: 0x0000025f126a8800

Heap address: 0x00000000c2400000, size: 988 MB, Compressed Oops mode: Non-zero based: 0x00000000c2400000
Narrow klass base: 0x0000000000000000, Narrow klass shift: 0

GC Heap History (0 events):
No events

Deoptimization events (0 events):
No events

Classes redefined (0 events):
No events

Internal exceptions (0 events):
No events

Events (1 events):
Event: 0.013 Loaded shared library C:\Program Files\JetBrains\IntelliJ IDEA Community Edition 2021.2.2\jbr\bin\zip.dll


Dynamic libraries:
0x00007ff7d2450000 - 0x00007ff7d245a000 	C:\Program Files\JetBrains\IntelliJ IDEA Community Edition 2021.2.2\jbr\bin\java.exe
0x00007ffe81950000 - 0x00007ffe81b45000 	C:\WINDOWS\SYSTEM32\ntdll.dll
0x00007ffe7fb90000 - 0x00007ffe7fc4e000 	C:\WINDOWS\System32\KERNEL32.DLL
0x00007ffe7f360000 - 0x00007ffe7f629000 	C:\WINDOWS\System32\KERNELBASE.dll
0x00007ffe7f790000 - 0x00007ffe7f890000 	C:\WINDOWS\System32\ucrtbase.dll
0x00007ffe65880000 - 0x00007ffe65897000 	C:\Program Files\JetBrains\IntelliJ IDEA Community Edition 2021.2.2\jbr\bin\VCRUNTIME140.dll
0x00007ffe61860000 - 0x00007ffe61879000 	C:\Program Files\JetBrains\IntelliJ IDEA Community Edition 2021.2.2\jbr\bin\jli.dll
0x00007ffe800e0000 - 0x00007ffe80281000 	C:\WINDOWS\System32\USER32.dll
0x00007ffe7f330000 - 0x00007ffe7f352000 	C:\WINDOWS\System32\win32u.dll
0x00007ffe818e0000 - 0x00007ffe8190b000 	C:\WINDOWS\System32\GDI32.dll
0x00007ffe7f890000 - 0x00007ffe7f99b000 	C:\WINDOWS\System32\gdi32full.dll
0x00007ffe7f290000 - 0x00007ffe7f32d000 	C:\WINDOWS\System32\msvcp_win.dll
0x00007ffe695a0000 - 0x00007ffe6983a000 	C:\WINDOWS\WinSxS\amd64_microsoft.windows.common-controls_6595b64144ccf1df_6.0.19041.1110_none_60b5254171f9507e\COMCTL32.dll
0x00007ffe802a0000 - 0x00007ffe8033e000 	C:\WINDOWS\System32\msvcrt.dll
0x00007ffe7fd50000 - 0x00007ffe7fd80000 	C:\WINDOWS\System32\IMM32.DLL
0x00007ffe7dda0000 - 0x00007ffe7ddd0000 	C:\WINDOWS\system32\DriverStore\FileRepository\nvacwu.inf_amd64_bdd6ea477d4e2fba\nvinitx.dll
0x00007ffe81310000 - 0x00007ffe813bc000 	C:\WINDOWS\System32\ADVAPI32.dll
0x00007ffe804c0000 - 0x00007ffe8055b000 	C:\WINDOWS\System32\sechost.dll
0x00007ffe7dd90000 - 0x00007ffe7dd9a000 	C:\WINDOWS\SYSTEM32\VERSION.dll
0x00007ffe811e0000 - 0x00007ffe8130a000 	C:\WINDOWS\System32\RPCRT4.dll
0x00007ffe80a40000 - 0x00007ffe8117f000 	C:\WINDOWS\System32\Shell32.dll
0x00007ffe7d130000 - 0x00007ffe7d8c0000 	C:\WINDOWS\SYSTEM32\windows.storage.dll
0x00007ffe81480000 - 0x00007ffe817d5000 	C:\WINDOWS\System32\combase.dll
0x00007ffe7eac0000 - 0x00007ffe7eaec000 	C:\WINDOWS\SYSTEM32\Wldp.dll
0x00007ffe7fae0000 - 0x00007ffe7fb8d000 	C:\WINDOWS\System32\SHCORE.dll
0x00007ffe80560000 - 0x00007ffe805b5000 	C:\WINDOWS\System32\shlwapi.dll
0x000000006ec90000 - 0x000000006ec96000 	C:\Program Files\NVIDIA Corporation\CoProcManager\_etoured.dll
0x00007ffe7ab80000 - 0x00007ffe7abbb000 	C:\Program Files\NVIDIA Corporation\CoProcManager\nvd3d9wrapx.dll
0x00007ffe805c0000 - 0x00007ffe80a32000 	C:\WINDOWS\System32\SETUPAPI.dll
0x00007ffe7f740000 - 0x00007ffe7f78e000 	C:\WINDOWS\System32\cfgmgr32.dll
0x00007ffe7f260000 - 0x00007ffe7f287000 	C:\WINDOWS\System32\bcrypt.dll
0x00007ffe7ab50000 - 0x00007ffe7ab74000 	C:\Program Files\NVIDIA Corporation\CoProcManager\nvdxgiwrapx.dll
0x00007ffe3f560000 - 0x00007ffe3f5fd000 	C:\Program Files\JetBrains\IntelliJ IDEA Community Edition 2021.2.2\jbr\bin\msvcp140.dll
0x00007ffe24090000 - 0x00007ffe24be8000 	C:\Program Files\JetBrains\IntelliJ IDEA Community Edition 2021.2.2\jbr\bin\server\jvm.dll
0x00007ffe81470000 - 0x00007ffe81478000 	C:\WINDOWS\System32\PSAPI.DLL
0x00007ffe69eb0000 - 0x00007ffe69ed7000 	C:\WINDOWS\SYSTEM32\WINMM.dll
0x00007ffe7aaa0000 - 0x00007ffe7aaa9000 	C:\WINDOWS\SYSTEM32\WSOCK32.dll
0x00007ffe817e0000 - 0x00007ffe8184b000 	C:\WINDOWS\System32\WS2_32.dll
0x00007ffe7cf30000 - 0x00007ffe7cf42000 	C:\WINDOWS\SYSTEM32\kernel.appcore.dll
0x00007ffe7a2d0000 - 0x00007ffe7a2e1000 	C:\Program Files\JetBrains\IntelliJ IDEA Community Edition 2021.2.2\jbr\bin\verify.dll
0x00007ffe6bbf0000 - 0x00007ffe6bdd4000 	C:\WINDOWS\SYSTEM32\DBGHELP.DLL
0x00007ffe6bbc0000 - 0x00007ffe6bbec000 	C:\WINDOWS\SYSTEM32\dbgcore.DLL
0x00007ffe7f070000 - 0x00007ffe7f0f3000 	C:\WINDOWS\System32\bcryptPrimitives.dll
0x00007ffe73780000 - 0x00007ffe737a9000 	C:\Program Files\JetBrains\IntelliJ IDEA Community Edition 2021.2.2\jbr\bin\java.dll
0x00007ffe7aa00000 - 0x00007ffe7aa0b000 	C:\Program Files\JetBrains\IntelliJ IDEA Community Edition 2021.2.2\jbr\bin\jimage.dll
0x00007ffe79df0000 - 0x00007ffe79e08000 	C:\Program Files\JetBrains\IntelliJ IDEA Community Edition 2021.2.2\jbr\bin\zip.dll

dbghelp: loaded successfully - version: 4.0.5 - missing functions: none
symbol engine: initialized successfully - sym options: 0x614 - pdb path: .;C:\Program Files\JetBrains\IntelliJ IDEA Community Edition 2021.2.2\jbr\bin;C:\WINDOWS\SYSTEM32;C:\WINDOWS\WinSxS\amd64_microsoft.windows.common-controls_6595b64144ccf1df_6.0.19041.1110_none_60b5254171f9507e;C:\WINDOWS\system32\DriverStore\FileRepository\nvacwu.inf_amd64_bdd6ea477d4e2fba;C:\Program Files\NVIDIA Corporation\CoProcManager;C:\Program Files\JetBrains\IntelliJ IDEA Community Edition 2021.2.2\jbr\bin\server

VM Arguments:
java_command: git4idea.http.GitAskPassApp Username for 'https://github.com': 
java_class_path (initial): C:/Program Files/JetBrains/IntelliJ IDEA Community Edition 2021.2.2/plugins/git4idea/lib/git4idea-rt.jar;C:/Program Files/JetBrains/IntelliJ IDEA Community Edition 2021.2.2/lib/3rd-party.jar
Launcher Type: SUN_STANDARD

[Global flags]
     intx CICompilerCount                          = 3                                         {product} {ergonomic}
     uint ConcGCThreads                            = 1                                         {product} {ergonomic}
     uint G1ConcRefinementThreads                  = 4                                         {product} {ergonomic}
   size_t G1HeapRegionSize                         = 1048576                                   {product} {ergonomic}
    uintx GCDrainStackTargetSize                   = 64                                        {product} {ergonomic}
   size_t InitialHeapSize                          = 65011712                                  {product} {ergonomic}
   size_t MarkStackSize                            = 4194304                                   {product} {ergonomic}
   size_t MaxHeapSize                              = 1035993088                                {product} {ergonomic}
   size_t MinHeapDeltaBytes                        = 1048576                                   {product} {ergonomic}
    uintx NonNMethodCodeHeapSize                   = 5830732                                {pd product} {ergonomic}
    uintx NonProfiledCodeHeapSize                  = 122913754                              {pd product} {ergonomic}
    uintx ProfiledCodeHeapSize                     = 122913754                              {pd product} {ergonomic}
    uintx ReservedCodeCacheSize                    = 251658240                              {pd product} {ergonomic}
     bool SegmentedCodeCache                       = true                                      {product} {ergonomic}
     bool UseCompressedClassPointers               = true                                 {lp64_product} {ergonomic}
     bool UseCompressedOops                        = true                                 {lp64_product} {ergonomic}
     bool UseG1GC                                  = true                                      {product} {ergonomic}
     bool UseLargePagesIndividualAllocation        = false                                  {pd product} {ergonomic}

Logging:
Log output configuration:
 #0: stdout all=warning uptime,level,tags
 #1: stderr all=off uptime,level,tags

Environment Variables:
PATH=C:\Program Files\Git\mingw64\libexec\git-core;C:\Program Files\Git\mingw64\libexec\git-core;C:\Program Files\Git\mingw64\bin;C:\Program Files\Git\usr\bin;C:\Users\Люси\bin;C:\Program Files (x86)\Common Files\Oracle\Java\javapath;C:\WINDOWS\system32;C:\WINDOWS;C:\WINDOWS\System32\Wbem;C:\WINDOWS\System32\WindowsPowerShell\v1.0;C:\WINDOWS\System32\OpenSSH;C:\Program Files\Git\cmd;C:\Users\Люси\AppData\Local\Microsoft\WindowsApps;C:\Program Files\Java\jdk1.8.0_301\bin
USERNAME=Люси
DISPLAY=:0.0
LC_ALL=en_US.UTF-8
OS=Windows_NT
PROCESSOR_IDENTIFIER=Intel64 Family 6 Model 42 Stepping 7, GenuineIntel



---------------  S Y S T E M  ---------------

OS: Windows 10 , 64 bit Build 19041 (10.0.19041.1202)
OS uptime: 0 days 0:44 hours

CPU:total 4 (initial active 4) (2 cores per cpu, 2 threads per core) family 6 model 42 stepping 7 microcode 0x2f, cmov, cx8, fxsr, mmx, sse, sse2, sse3, ssse3, sse4.1, sse4.2, popcnt, avx, aes, clmul, ht, tsc, tscinvbit

Memory: 4k page, system-wide physical 3947M (262M free)
TotalPageFile size 4747M (AvailPageFile size 8M)
current process WorkingSet (physical memory assigned to process): 12M, peak: 12M
current process commit charge ("private bytes"): 52M, peak: 114M

vm_info: OpenJDK 64-Bit Server VM (11.0.12+7-b1504.28) for windows-amd64 JRE (11.0.12+7-b1504.28), built on Sep  3 2021 08:39:15 by "" with MS VC++ 14.0 (VS2015)

END.
